[debug] [2025-03-04T01:59:34.078Z] ----------------------------------------------------------------------
[debug] [2025-03-04T01:59:34.087Z] Command:       /opt/homebrew/Cellar/node/23.6.1/bin/node /opt/homebrew/bin/firebase login
[debug] [2025-03-04T01:59:34.087Z] CLI Version:   13.32.0
[debug] [2025-03-04T01:59:34.087Z] Platform:      darwin
[debug] [2025-03-04T01:59:34.087Z] Node Version:  v23.6.1
[debug] [2025-03-04T01:59:34.088Z] Time:          Mon Mar 03 2025 20:59:34 GMT-0500 (Eastern Standard Time)
[debug] [2025-03-04T01:59:34.088Z] ----------------------------------------------------------------------
[debug] 
[debug] [2025-03-04T01:59:34.089Z] >>> [apiv2][query] GET https://firebase-public.firebaseio.com/cli.json [none]
[info] i  Firebase optionally collects CLI and Emulator Suite usage and error reporting information to help improve our products. Data is collected in accordance with Google's privacy policy (https://policies.google.com/privacy) and is not used to identify you.
 
[debug] [2025-03-04T01:59:34.355Z] <<< [apiv2][status] GET https://firebase-public.firebaseio.com/cli.json 200
[debug] [2025-03-04T01:59:34.356Z] <<< [apiv2][body] GET https://firebase-public.firebaseio.com/cli.json {"cloudBuildErrorAfter":1594252800000,"cloudBuildWarnAfter":1590019200000,"defaultNode10After":1594252800000,"minVersion":"3.0.5","node8DeploysDisabledAfter":1613390400000,"node8RuntimeDisabledAfter":1615809600000,"node8WarnAfter":1600128000000}
[info] 
[info] Visit this URL on this device to log in:
[info] https://accounts.google.com/o/oauth2/auth?client_id=563584335869-fgrhgmd47bqnekij5i8b5pr03ho849e6.apps.googleusercontent.com&scope=email%20openid%20https%3A%2F%2Fwww.googleapis.com%2Fauth%2Fcloudplatformprojects.readonly%20https%3A%2F%2Fwww.googleapis.com%2Fauth%2Ffirebase%20https%3A%2F%2Fwww.googleapis.com%2Fauth%2Fcloud-platform&response_type=code&state=928622181&redirect_uri=http%3A%2F%2Flocalhost%3A9005
[info] 
[info] Waiting for authentication...
[debug] [2025-03-04T02:00:01.063Z] >>> [apiv2][query] POST https://auth.firebase.tools/attest [none]
[debug] [2025-03-04T02:00:01.063Z] >>> [apiv2][body] POST https://auth.firebase.tools/attest {"session_id":"e5e2a6b5-ec69-4f5e-bcb3-06541d790adb"}
[debug] [2025-03-04T02:00:01.808Z] <<< [apiv2][status] POST https://auth.firebase.tools/attest 200
[debug] [2025-03-04T02:00:01.808Z] <<< [apiv2][body] POST https://auth.firebase.tools/attest {"token":"oKnHtw-HjJth83wVP6v2WBEHWo08cNabZaRLjTkj3rk"}
[info] 
[info] To sign in to the Firebase CLI:
[info] 
[info] 1. Take note of your session ID:
[info] 
[info]    E5E2A
[info] 
[info] 2. Visit the URL below on any device and follow the instructions to get your code:
[info] 
[info]    https://auth.firebase.tools/login?code_challenge=st_1V5KEaicvh4QK9o7BD3d6fxL2Z2yb3G8YURtwoW0&session=e5e2a6b5-ec69-4f5e-bcb3-06541d790adb&attest=oKnHtw-HjJth83wVP6v2WBEHWo08cNabZaRLjTkj3rk
[info] 
[info] 3. Paste or enter the authorization code below once you have it:
[info] 
